=====
Level: warning
Message: All is crashed
Context: 

2021-02-08 02:00:23
=====

=====
Level: warning
Message: DB Error!
Context: 

2021-03-19 07:31:14
=====

=====
Level: warning
Message: DB Error!
Context: 

2021-03-19 07:31:17
=====

=====
Level: warning
Message: DB Error!
Context: 

2021-03-19 07:31:22
=====

=====
Level: warning
Message: DB Error!
Context: 

2021-03-19 07:32:38
=====

=====
Level: warning
Message: 
Context: 

2021-03-19 07:33:39
=====

=====
Level: warning
Message: 
Context: 

2021-03-19 07:33:58
=====

=====
Level: warning
Message: 
Context: 

2021-03-19 07:34:02
=====

=====
Level: warning
Message: 
Context: 

2021-03-19 07:34:08
=====

=====
Level: warning
Message: 
Context: 

2021-03-19 07:34:17
=====

